This file contains any messages produced by compilers while
running configure, to aid debugging if configure makes a mistake.

It was created by unicap configure 1.0, which was
generated by GNU Autoconf 2.61.  Invocation command line was

  $ ./configure 

## --------- ##
## Platform. ##
## --------- ##

hostname = wifi-device
uname -m = i686
uname -r = 2.6.35-28-generic-pae
uname -s = Linux
uname -v = #49-Ubuntu SMP Tue Mar 1 14:58:06 UTC 2011

/usr/bin/uname -p = unknown
/bin/uname -X     = unknown

/bin/arch              = unknown
/usr/bin/arch -k       = unknown
/usr/convex/getsysinfo = unknown
/usr/bin/hostinfo      = unknown
/bin/machine           = unknown
/usr/bin/oslevel       = unknown
/bin/universe          = unknown

PATH: /usr/local/sbin
PATH: /usr/local/bin
PATH: /usr/sbin
PATH: /usr/bin
PATH: /sbin
PATH: /bin
PATH: /usr/games


## ----------- ##
## Core tests. ##
## ----------- ##

configure:2211: checking for a BSD-compatible install
configure:2267: result: /usr/bin/install -c
configure:2278: checking whether build environment is sane
configure:2321: result: yes
configure:2349: checking for a thread-safe mkdir -p
configure:2388: result: /bin/mkdir -p
configure:2401: checking for gawk
configure:2431: result: no
configure:2401: checking for mawk
configure:2417: found /usr/bin/mawk
configure:2428: result: mawk
configure:2439: checking whether make sets $(MAKE)
configure:2460: result: yes
configure:2709: checking for gcc
configure:2725: found /usr/bin/gcc
configure:2736: result: gcc
configure:2974: checking for C compiler version
configure:2981: gcc --version >&5
gcc (Ubuntu/Linaro 4.4.4-14ubuntu5) 4.4.5
Copyright (C) 2010 Free Software Foundation, Inc.
This is free software; see the source for copying conditions.  There is NO
warranty; not even for MERCHANTABILITY or FITNESS FOR A PARTICULAR PURPOSE.

configure:2984: $? = 0
configure:2991: gcc -v >&5
Using built-in specs.
Target: i686-linux-gnu
Configured with: ../src/configure -v --with-pkgversion='Ubuntu/Linaro 4.4.4-14ubuntu5' --with-bugurl=file:///usr/share/doc/gcc-4.4/README.Bugs --enable-languages=c,c++,fortran,objc,obj-c++ --prefix=/usr --program-suffix=-4.4 --enable-shared --enable-multiarch --enable-linker-build-id --with-system-zlib --libexecdir=/usr/lib --without-included-gettext --enable-threads=posix --with-gxx-include-dir=/usr/include/c++/4.4 --libdir=/usr/lib --enable-nls --with-sysroot=/ --enable-clocale=gnu --enable-libstdcxx-debug --enable-objc-gc --enable-targets=all --disable-werror --with-arch-32=i686 --with-tune=generic --enable-checking=release --build=i686-linux-gnu --host=i686-linux-gnu --target=i686-linux-gnu
Thread model: posix
gcc version 4.4.5 (Ubuntu/Linaro 4.4.4-14ubuntu5) 
configure:2994: $? = 0
configure:3001: gcc -V >&5
gcc: '-V' option must have argument
configure:3004: $? = 1
configure:3027: checking for C compiler default output file name
configure:3054: gcc    conftest.c  >&5
configure:3057: $? = 0
configure:3095: result: a.out
configure:3112: checking whether the C compiler works
configure:3122: ./a.out
configure:3125: $? = 0
configure:3142: result: yes
configure:3149: checking whether we are cross compiling
configure:3151: result: no
configure:3154: checking for suffix of executables
configure:3161: gcc -o conftest    conftest.c  >&5
configure:3164: $? = 0
configure:3188: result: 
configure:3194: checking for suffix of object files
configure:3220: gcc -c   conftest.c >&5
configure:3223: $? = 0
configure:3246: result: o
configure:3250: checking whether we are using the GNU C compiler
configure:3279: gcc -c   conftest.c >&5
configure:3285: $? = 0
configure:3302: result: yes
configure:3307: checking whether gcc accepts -g
configure:3337: gcc -c -g  conftest.c >&5
configure:3343: $? = 0
configure:3442: result: yes
configure:3459: checking for gcc option to accept ISO C89
configure:3533: gcc  -c -g -O2  conftest.c >&5
configure:3539: $? = 0
configure:3562: result: none needed
configure:3591: checking for style of include used by make
configure:3619: result: GNU
configure:3644: checking dependency style of gcc
configure:3735: result: gcc3
configure:3763: checking for a BSD-compatible install
configure:3819: result: /usr/bin/install -c
configure:3830: checking whether ln -s works
configure:3834: result: yes
configure:3872: checking build system type
configure:3890: result: i686-pc-linux-gnu
configure:3912: checking host system type
configure:3927: result: i686-pc-linux-gnu
configure:3949: checking for a sed that does not truncate output
configure:4028: result: /bin/sed
configure:4046: checking for grep that handles long lines and -e
configure:4120: result: /bin/grep
configure:4125: checking for egrep
configure:4203: result: /bin/grep -E
configure:4208: checking for fgrep
configure:4286: result: /bin/grep -F
configure:4321: checking for ld used by gcc
configure:4388: result: /usr/bin/ld
configure:4397: checking if the linker (/usr/bin/ld) is GNU ld
configure:4412: result: yes
configure:4424: checking for BSD- or MS-compatible name lister (nm)
configure:4473: result: /usr/bin/nm -B
configure:4595: checking the name lister (/usr/bin/nm -B) interface
configure:4602: gcc -c -g -O2  conftest.c >&5
configure:4605: /usr/bin/nm -B "conftest.o"
configure:4608: output
00000000 B some_variable
configure:4615: result: BSD nm
configure:4619: checking the maximum length of command line arguments
configure:4739: result: 1572864
configure:4756: checking whether the shell understands some XSI constructs
configure:4766: result: yes
configure:4770: checking whether the shell understands "+="
configure:4776: result: yes
configure:4811: checking for /usr/bin/ld option to reload object files
configure:4818: result: -r
configure:4845: checking how to recognize dependent libraries
configure:5035: result: pass_all
configure:5095: checking for ar
configure:5111: found /usr/bin/ar
configure:5122: result: ar
configure:5204: checking for strip
configure:5220: found /usr/bin/strip
configure:5231: result: strip
configure:5307: checking for ranlib
configure:5323: found /usr/bin/ranlib
configure:5334: result: ranlib
configure:5428: checking command to parse /usr/bin/nm -B output from gcc object
configure:5546: gcc -c -g -O2  conftest.c >&5
configure:5549: $? = 0
configure:5553: /usr/bin/nm -B conftest.o \| sed -n -e 's/^.*[	 ]\([ABCDGIRSTW][ABCDGIRSTW]*\)[	 ][	 ]*\([_A-Za-z][_A-Za-z0-9]*\)$/\1 \2 \2/p' \> conftest.nm
configure:5556: $? = 0
configure:5610: gcc -o conftest -g -O2   conftest.c conftstm.o >&5
configure:5613: $? = 0
configure:5651: result: ok
configure:6530: checking how to run the C preprocessor
configure:6570: gcc -E  conftest.c
configure:6576: $? = 0
configure:6607: gcc -E  conftest.c
conftest.c:10: fatal error: ac_nonexistent.h: No such file or directory
compilation terminated.
configure:6613: $? = 1
configure: failed program was:
| /* confdefs.h.  */
| #define PACKAGE_NAME "unicap"
| #define PACKAGE_TARNAME "unicap"
| #define PACKAGE_VERSION "1.0"
| #define PACKAGE_STRING "unicap 1.0"
| #define PACKAGE_BUGREPORT "arne@unicap-imaging.org"
| #define PACKAGE "unicap"
| #define VERSION "0.9.5"
| /* end confdefs.h.  */
| #include <ac_nonexistent.h>
configure:6646: result: gcc -E
configure:6675: gcc -E  conftest.c
configure:6681: $? = 0
configure:6712: gcc -E  conftest.c
conftest.c:10: fatal error: ac_nonexistent.h: No such file or directory
compilation terminated.
configure:6718: $? = 1
configure: failed program was:
| /* confdefs.h.  */
| #define PACKAGE_NAME "unicap"
| #define PACKAGE_TARNAME "unicap"
| #define PACKAGE_VERSION "1.0"
| #define PACKAGE_STRING "unicap 1.0"
| #define PACKAGE_BUGREPORT "arne@unicap-imaging.org"
| #define PACKAGE "unicap"
| #define VERSION "0.9.5"
| /* end confdefs.h.  */
| #include <ac_nonexistent.h>
configure:6756: checking for ANSI C header files
configure:6786: gcc -c -g -O2  conftest.c >&5
configure:6792: $? = 0
configure:6891: gcc -o conftest -g -O2   conftest.c  >&5
configure:6894: $? = 0
configure:6900: ./conftest
configure:6903: $? = 0
configure:6920: result: yes
configure:6944: checking for sys/types.h
configure:6965: gcc -c -g -O2  conftest.c >&5
configure:6971: $? = 0
configure:6987: result: yes
configure:6944: checking for sys/stat.h
configure:6965: gcc -c -g -O2  conftest.c >&5
configure:6971: $? = 0
configure:6987: result: yes
configure:6944: checking for stdlib.h
configure:6965: gcc -c -g -O2  conftest.c >&5
configure:6971: $? = 0
configure:6987: result: yes
configure:6944: checking for string.h
configure:6965: gcc -c -g -O2  conftest.c >&5
configure:6971: $? = 0
configure:6987: result: yes
configure:6944: checking for memory.h
configure:6965: gcc -c -g -O2  conftest.c >&5
configure:6971: $? = 0
configure:6987: result: yes
configure:6944: checking for strings.h
configure:6965: gcc -c -g -O2  conftest.c >&5
configure:6971: $? = 0
configure:6987: result: yes
configure:6944: checking for inttypes.h
configure:6965: gcc -c -g -O2  conftest.c >&5
configure:6971: $? = 0
configure:6987: result: yes
configure:6944: checking for stdint.h
configure:6965: gcc -c -g -O2  conftest.c >&5
configure:6971: $? = 0
configure:6987: result: yes
configure:6944: checking for unistd.h
configure:6965: gcc -c -g -O2  conftest.c >&5
configure:6971: $? = 0
configure:6987: result: yes
configure:7003: checking for dlfcn.h
configure:7024: gcc -c -g -O2  conftest.c >&5
configure:7030: $? = 0
configure:7046: result: yes
configure:7230: checking for objdir
configure:7245: result: .libs
configure:7541: checking if gcc supports -fno-rtti -fno-exceptions
configure:7559: gcc -c -g -O2  -fno-rtti -fno-exceptions conftest.c >&5
cc1: warning: command line option "-fno-rtti" is valid for C++/ObjC++ but not for C
configure:7563: $? = 0
configure:7576: result: no
configure:7596: checking for gcc option to produce PIC
configure:7853: result: -fPIC -DPIC
configure:7865: checking if gcc PIC flag -fPIC -DPIC works
configure:7883: gcc -c -g -O2  -fPIC -DPIC -DPIC conftest.c >&5
configure:7887: $? = 0
configure:7900: result: yes
configure:7924: checking if gcc static flag -static works
configure:7952: result: yes
configure:7967: checking if gcc supports -c -o file.o
configure:7988: gcc -c -g -O2  -o out/conftest2.o conftest.c >&5
configure:7992: $? = 0
configure:8014: result: yes
configure:8022: checking if gcc supports -c -o file.o
configure:8069: result: yes
configure:8102: checking whether the gcc linker (/usr/bin/ld) supports shared libraries
configure:9157: result: yes
configure:9194: checking whether -lc should be explicitly linked in
configure:9199: gcc -c -g -O2  conftest.c >&5
configure:9202: $? = 0
configure:9217: gcc -shared conftest.o  -v -Wl,-soname -Wl,conftest -o conftest 2\>\&1 \| /bin/grep  -lc  \>/dev/null 2\>\&1
configure:9220: $? = 0
configure:9232: result: no
configure:9396: checking dynamic linker characteristics
configure:9839: gcc -o conftest -g -O2   -Wl,-rpath -Wl,/foo conftest.c  >&5
configure:9845: $? = 0
configure:10087: result: GNU/Linux ld.so
configure:10189: checking how to hardcode library paths into programs
configure:10214: result: immediate
configure:11027: checking whether stripping libraries is possible
configure:11032: result: yes
configure:11067: checking if libtool supports shared libraries
configure:11069: result: yes
configure:11072: checking whether to build shared libraries
configure:11093: result: yes
configure:11096: checking whether to build static libraries
configure:11100: result: yes
configure:11173: checking for intltool >= 0.35.0
configure:11180: result: 0.35.5 found
configure:11236: checking for perl
configure:11254: found /usr/bin/perl
configure:11266: result: /usr/bin/perl
configure:11285: checking for XML::Parser
configure:11288: result: ok
configure:11299: checking for iconv
configure:11317: found /usr/bin/iconv
configure:11330: result: /usr/bin/iconv
configure:11340: checking for msgfmt
configure:11358: found /usr/bin/msgfmt
configure:11371: result: /usr/bin/msgfmt
configure:11381: checking for msgmerge
configure:11399: found /usr/bin/msgmerge
configure:11412: result: /usr/bin/msgmerge
configure:11422: checking for xgettext
configure:11440: found /usr/bin/xgettext
configure:11453: result: /usr/bin/xgettext
configure:11490: gcc -o conftest -g -O2   conftest.c  >&5
configure:11496: $? = 0
configure:11628: checking whether NLS is requested
configure:11637: result: yes
configure:11675: checking for msgfmt
configure: trying /usr/bin/msgfmt...
0 translated messages.
configure:11707: result: /usr/bin/msgfmt
configure:11716: checking for gmsgfmt
configure:11747: result: /usr/bin/msgfmt
configure:11798: checking for xgettext
configure: trying /usr/bin/xgettext...
/usr/bin/xgettext: warning: file `/dev/null' extension `' is unknown; will try C
configure:11830: result: /usr/bin/xgettext
configure:11876: checking for msgmerge
configure: trying /usr/bin/msgmerge...
configure:11907: result: /usr/bin/msgmerge
configure:11961: checking for ld used by GCC
configure:12025: result: /usr/bin/ld
configure:12034: checking if the linker (/usr/bin/ld) is GNU ld
configure:12047: result: yes
configure:12054: checking for shared library run path origin
configure:12067: result: done
configure:12524: checking for CFPreferencesCopyAppValue
configure:12552: gcc -o conftest -g -O2   conftest.c  -Wl,-framework -Wl,CoreFoundation >&5
conftest.c:23: fatal error: CoreFoundation/CFPreferences.h: No such file or directory
compilation terminated.
configure:12558: $? = 1
configure: failed program was:
| /* confdefs.h.  */
| #define PACKAGE_NAME "unicap"
| #define PACKAGE_TARNAME "unicap"
| #define PACKAGE_VERSION "1.0"
| #define PACKAGE_STRING "unicap 1.0"
| #define PACKAGE_BUGREPORT "arne@unicap-imaging.org"
| #define PACKAGE "unicap"
| #define VERSION "0.9.5"
| #define STDC_HEADERS 1
| #define HAVE_SYS_TYPES_H 1
| #define HAVE_SYS_STAT_H 1
| #define HAVE_STDLIB_H 1
| #define HAVE_STRING_H 1
| #define HAVE_MEMORY_H 1
| #define HAVE_STRINGS_H 1
| #define HAVE_INTTYPES_H 1
| #define HAVE_STDINT_H 1
| #define HAVE_UNISTD_H 1
| #define HAVE_DLFCN_H 1
| #define LT_OBJDIR ".libs/"
| #define GETTEXT_PACKAGE "unicap"
| /* end confdefs.h.  */
| #include <CoreFoundation/CFPreferences.h>
| int
| main ()
| {
| CFPreferencesCopyAppValue(NULL, NULL)
|   ;
|   return 0;
| }
configure:12576: result: no
configure:12585: checking for CFLocaleCopyCurrent
configure:12613: gcc -o conftest -g -O2   conftest.c  -Wl,-framework -Wl,CoreFoundation >&5
conftest.c:23: fatal error: CoreFoundation/CFLocale.h: No such file or directory
compilation terminated.
configure:12619: $? = 1
configure: failed program was:
| /* confdefs.h.  */
| #define PACKAGE_NAME "unicap"
| #define PACKAGE_TARNAME "unicap"
| #define PACKAGE_VERSION "1.0"
| #define PACKAGE_STRING "unicap 1.0"
| #define PACKAGE_BUGREPORT "arne@unicap-imaging.org"
| #define PACKAGE "unicap"
| #define VERSION "0.9.5"
| #define STDC_HEADERS 1
| #define HAVE_SYS_TYPES_H 1
| #define HAVE_SYS_STAT_H 1
| #define HAVE_STDLIB_H 1
| #define HAVE_STRING_H 1
| #define HAVE_MEMORY_H 1
| #define HAVE_STRINGS_H 1
| #define HAVE_INTTYPES_H 1
| #define HAVE_STDINT_H 1
| #define HAVE_UNISTD_H 1
| #define HAVE_DLFCN_H 1
| #define LT_OBJDIR ".libs/"
| #define GETTEXT_PACKAGE "unicap"
| /* end confdefs.h.  */
| #include <CoreFoundation/CFLocale.h>
| int
| main ()
| {
| CFLocaleCopyCurrent();
|   ;
|   return 0;
| }
configure:12637: result: no
configure:12688: checking for GNU gettext in libc
configure:12718: gcc -o conftest -g -O2   conftest.c  >&5
configure:12724: $? = 0
configure:12742: result: yes
configure:13458: checking whether to use NLS
configure:13460: result: yes
configure:13463: checking where the gettext function comes from
configure:13474: result: libc
configure:13586: checking for pkg-config
configure:13604: found /usr/bin/pkg-config
configure:13616: result: /usr/bin/pkg-config
configure:13645: checking pkg-config is at least version 0.9.0
configure:13648: result: yes
configure:13692: checking whether to build gtk-doc documentation
configure:13694: result: no
configure:13701: checking for gtkdoc-check
configure:13734: result: no
configure:13764: checking for GTK_PACKAGE
configure:13772: $PKG_CONFIG --exists --print-errors "$pkg_modules"
Package gtk+-2.0 was not found in the pkg-config search path.
Perhaps you should add the directory containing `gtk+-2.0.pc'
to the PKG_CONFIG_PATH environment variable
No package 'gtk+-2.0' found
configure:13775: $? = 1
configure:13790: $PKG_CONFIG --exists --print-errors "$pkg_modules"
Package gtk+-2.0 was not found in the pkg-config search path.
Perhaps you should add the directory containing `gtk+-2.0.pc'
to the PKG_CONFIG_PATH environment variable
No package 'gtk+-2.0' found
configure:13793: $? = 1
No package 'gtk+-2.0' found
configure:13821: result: no
configure:13837: checking for GLIB_PACKAGE
configure:13845: $PKG_CONFIG --exists --print-errors "$pkg_modules"
configure:13848: $? = 0
configure:13863: $PKG_CONFIG --exists --print-errors "$pkg_modules"
configure:13866: $? = 0
configure:13902: result: yes
configure:13911: checking if GLib is version 2.11.0 or newer
configure:13918: result: yes
configure:13925: checking if GTK+ is version 2.9.0 or newer
configure:13932: result: no
configure:13946: checking for PANGO_PACKAGE
configure:13954: $PKG_CONFIG --exists --print-errors ""pangoft2""
Package pangoft2 was not found in the pkg-config search path.
Perhaps you should add the directory containing `pangoft2.pc'
to the PKG_CONFIG_PATH environment variable
No package 'pangoft2' found
configure:13957: $? = 1
configure:13972: $PKG_CONFIG --exists --print-errors ""pangoft2""
Package pangoft2 was not found in the pkg-config search path.
Perhaps you should add the directory containing `pangoft2.pc'
to the PKG_CONFIG_PATH environment variable
No package 'pangoft2' found
configure:13975: $? = 1
No package 'pangoft2' found
configure:14003: result: no
configure:14159: checking for THEORA_PACKAGE
configure:14167: $PKG_CONFIG --exists --print-errors ""ogg theora vorbis vorbisenc""
Package ogg was not found in the pkg-config search path.
Perhaps you should add the directory containing `ogg.pc'
to the PKG_CONFIG_PATH environment variable
No package 'ogg' found
Package theora was not found in the pkg-config search path.
Perhaps you should add the directory containing `theora.pc'
to the PKG_CONFIG_PATH environment variable
No package 'theora' found
Package vorbis was not found in the pkg-config search path.
Perhaps you should add the directory containing `vorbis.pc'
to the PKG_CONFIG_PATH environment variable
No package 'vorbis' found
Package vorbisenc was not found in the pkg-config search path.
Perhaps you should add the directory containing `vorbisenc.pc'
to the PKG_CONFIG_PATH environment variable
No package 'vorbisenc' found
configure:14170: $? = 1
configure:14185: $PKG_CONFIG --exists --print-errors ""ogg theora vorbis vorbisenc""
Package ogg was not found in the pkg-config search path.
Perhaps you should add the directory containing `ogg.pc'
to the PKG_CONFIG_PATH environment variable
No package 'ogg' found
Package theora was not found in the pkg-config search path.
Perhaps you should add the directory containing `theora.pc'
to the PKG_CONFIG_PATH environment variable
No package 'theora' found
Package vorbis was not found in the pkg-config search path.
Perhaps you should add the directory containing `vorbis.pc'
to the PKG_CONFIG_PATH environment variable
No package 'vorbis' found
Package vorbisenc was not found in the pkg-config search path.
Perhaps you should add the directory containing `vorbisenc.pc'
to the PKG_CONFIG_PATH environment variable
No package 'vorbisenc' found
configure:14188: $? = 1
No package 'ogg' found
No package 'theora' found
No package 'vorbis' found
No package 'vorbisenc' found
configure:14216: result: no
configure:14279: checking for ALSA_PACKAGE
configure:14287: $PKG_CONFIG --exists --print-errors ""alsa""
configure:14290: $? = 0
configure:14305: $PKG_CONFIG --exists --print-errors ""alsa""
configure:14308: $? = 0
configure:14344: result: yes
configure:14400: checking for PNG_PACKAGE
configure:14408: $PKG_CONFIG --exists --print-errors ""libpng""
Package libpng was not found in the pkg-config search path.
Perhaps you should add the directory containing `libpng.pc'
to the PKG_CONFIG_PATH environment variable
No package 'libpng' found
configure:14411: $? = 1
configure:14426: $PKG_CONFIG --exists --print-errors ""libpng""
Package libpng was not found in the pkg-config search path.
Perhaps you should add the directory containing `libpng.pc'
to the PKG_CONFIG_PATH environment variable
No package 'libpng' found
configure:14429: $? = 1
No package 'libpng' found
configure:14457: result: no
configure:14508: checking for X
configure:14623: gcc -E  conftest.c
configure:14629: $? = 0
configure:14678: gcc -o conftest -g -O2   conftest.c -lX11  >&5
configure:14684: $? = 0
configure:14743: result: libraries , headers 
configure:14904: gcc -o conftest -g -O2   conftest.c   -lX11 >&5
configure:14910: $? = 0
configure:15067: checking for gethostbyname
configure:15123: gcc -o conftest -g -O2   conftest.c  >&5
configure:15129: $? = 0
configure:15146: result: yes
configure:15291: checking for connect
configure:15347: gcc -o conftest -g -O2   conftest.c  >&5
configure:15353: $? = 0
configure:15370: result: yes
configure:15442: checking for remove
configure:15498: gcc -o conftest -g -O2   conftest.c  >&5
configure:15504: $? = 0
configure:15521: result: yes
configure:15593: checking for shmat
configure:15649: gcc -o conftest -g -O2   conftest.c  >&5
configure:15655: $? = 0
configure:15672: result: yes
configure:15753: checking for IceConnectionNumber in -lICE
configure:15788: gcc -o conftest -g -O2   conftest.c -lICE   >&5
configure:15794: $? = 0
configure:15812: result: yes
configure:15839: checking for XvShmPutImage in -lXv
configure:15874: gcc -o conftest -g -O2   conftest.c -lXv  -L/usr/X11R6/lib -lXext  >&5
/usr/bin/ld: cannot find -lXv
collect2: ld returned 1 exit status
configure:15880: $? = 1
configure: failed program was:
| /* confdefs.h.  */
| #define PACKAGE_NAME "unicap"
| #define PACKAGE_TARNAME "unicap"
| #define PACKAGE_VERSION "1.0"
| #define PACKAGE_STRING "unicap 1.0"
| #define PACKAGE_BUGREPORT "arne@unicap-imaging.org"
| #define PACKAGE "unicap"
| #define VERSION "0.9.5"
| #define STDC_HEADERS 1
| #define HAVE_SYS_TYPES_H 1
| #define HAVE_SYS_STAT_H 1
| #define HAVE_STDLIB_H 1
| #define HAVE_STRING_H 1
| #define HAVE_MEMORY_H 1
| #define HAVE_STRINGS_H 1
| #define HAVE_INTTYPES_H 1
| #define HAVE_STDINT_H 1
| #define HAVE_UNISTD_H 1
| #define HAVE_DLFCN_H 1
| #define LT_OBJDIR ".libs/"
| #define GETTEXT_PACKAGE "unicap"
| #define ENABLE_NLS 1
| #define HAVE_GETTEXT 1
| #define HAVE_DCGETTEXT 1
| #define HAVE_AVCODEC 0
| #define HAVE_THEORA 0
| #define HAVE_ALSA 1
| #define HAVE_PNG 0
| /* end confdefs.h.  */
| 
| /* Override any GCC internal prototype to avoid an error.
|    Use char because int might match the return type of a GCC
|    builtin and then its argument prototype would still apply.  */
| #ifdef __cplusplus
| extern "C"
| #endif
| char XvShmPutImage ();
| int
| main ()
| {
| return XvShmPutImage ();
|   ;
|   return 0;
| }
configure:15898: result: no
configure:15925: checking for dlopen in -ldl
configure:15960: gcc -o conftest -g -O2   conftest.c -ldl  -ldl   >&5
configure:15966: $? = 0
configure:15984: result: yes
configure:16002: checking for sin in -lm
configure:16037: gcc -o conftest -g -O2   conftest.c -lm  -lm   >&5
conftest.c:38: warning: conflicting types for built-in function 'sin'
configure:16043: $? = 0
configure:16061: result: yes
configure:16079: checking for pthread_create in -lpthread
configure:16114: gcc -o conftest -g -O2   conftest.c -lpthread  -lpthread   >&5
configure:16120: $? = 0
configure:16138: result: yes
configure:16156: checking for shm_open in -lrt
configure:16191: gcc -o conftest -g -O2   conftest.c -lrt  -lrt   >&5
configure:16197: $? = 0
configure:16215: result: yes
configure:16236: checking for LIBRAW1394_PACKAGE
configure:16244: $PKG_CONFIG --exists --print-errors "$pkg_modules"
Requested 'libraw1394 <= 1.0.0' but version of libraw1394 is 2.0.5
configure:16247: $? = 1
configure:16262: $PKG_CONFIG --exists --print-errors "$pkg_modules"
Requested 'libraw1394 <= 1.0.0' but version of libraw1394 is 2.0.5
configure:16265: $? = 1
Requested 'libraw1394 <= 1.0.0' but version of libraw1394 is 2.0.5
configure:16293: result: no
configure:16310: checking for LIBRAW1394_PACKAGE
configure:16318: $PKG_CONFIG --exists --print-errors "$pkg_modules"
configure:16321: $? = 0
configure:16336: $PKG_CONFIG --exists --print-errors "$pkg_modules"
configure:16339: $? = 0
configure:16375: result: yes
configure:17363: creating ./config.status

## ---------------------- ##
## Running config.status. ##
## ---------------------- ##

This file was extended by unicap config.status 1.0, which was
generated by GNU Autoconf 2.61.  Invocation command line was

  CONFIG_FILES    = 
  CONFIG_HEADERS  = 
  CONFIG_LINKS    = 
  CONFIG_COMMANDS = 
  $ ./config.status 

on wifi-device

config.status:1005: creating include/unicap_version.h
config.status:1005: creating libunicapgtk/unicapgtk_version.h
config.status:1005: creating libucil/ucil_version.h
config.status:1005: creating po/Makefile.in
config.status:1005: creating libucil/Makefile
config.status:1005: creating libucil/libucil.pc
config.status:1005: creating libunicap/Makefile
config.status:1005: creating libunicap/libunicap.pc
config.status:1005: creating libunicapgtk/Makefile
config.status:1005: creating libunicapgtk/libunicapgtk.pc
config.status:1005: creating cpi/vid21394/Makefile
config.status:1005: creating cpi/dcam/Makefile
config.status:1005: creating cpi/v4l/Makefile
config.status:1005: creating cpi/v4l2cpi/Makefile
config.status:1005: creating cpi/thing/Makefile
config.status:1005: creating Makefile
config.status:1005: creating include/Makefile
config.status:1005: creating cpi/Makefile
config.status:1005: creating cpi/include/Makefile
config.status:1005: creating tests/Makefile
config.status:1005: creating doc/Makefile
config.status:1005: creating doc/reference/libunicapgtk/Makefile
config.status:1005: creating doc/reference/libunicap/Makefile
config.status:1005: creating doc/reference/libucil/Makefile
config.status:1005: creating config.h
config.status:1318: executing depfiles commands
config.status:1318: executing libtool commands
config.status:1318: executing intltool commands
config.status:1318: executing po-directories commands
config.status:1318: executing po/stamp-it commands
configure:19887: result:  ****************************************************** 
configure:19889: result:               Unicap 0.9.5     
configure:19891: result:  ****************************************************** 
configure:19893: result:   This software is distributed under the terms and 
configure:19895: result:   conditions of the GNU GENERAL PUBLIC LICENSE ( GPL ). 
configure:19897: result:   See the file COPYING for the full license text. 
configure:19899: result:  ****************************************************** 
configure:19901: result: 
configure:19903: result: Configuration: 
configure:19905: result:   libraw1394 version: RAW1394_1_1_API 
configure:19907: result:   installation goes to: /usr/local 
configure:19910: result: 
configure:19912: result: Plugins: 
configure:19914: result:   video-to-1394:      yes 
configure:19916: result:   IIDC 1394 camera:   yes 
configure:19918: result:   video-4-linux:      yes 
configure:19920: result:   video-4-linux v2:   yes 
configure:19922: result: 
configure:19924: result: Additional libraries: 
configure:19926: result:   libunicapgtk:       no ( required pangoft2 package not found ) 
configure:19928: result:   libucil:            no ( required pangoft2 package not found ) 
configure:19930: result:   UCIL modules:    alsa  
configure:19932: result: 
configure:19934: result:  ****************************************************** 
configure:19936: result:  ***  Please read the file README.troubleshooting   *** 
configure:19938: result:  ***  if you have any trouble using this software.  *** 
configure:19940: result:  ****************************************************** 
configure:19942: result: 

## ---------------- ##
## Cache variables. ##
## ---------------- ##

ac_cv_build=i686-pc-linux-gnu
ac_cv_c_compiler_gnu=yes
ac_cv_env_ALSA_PACKAGE_CFLAGS_set=
ac_cv_env_ALSA_PACKAGE_CFLAGS_value=
ac_cv_env_ALSA_PACKAGE_LIBS_set=
ac_cv_env_ALSA_PACKAGE_LIBS_value=
ac_cv_env_AVCODEC_PACKAGE_CFLAGS_set=
ac_cv_env_AVCODEC_PACKAGE_CFLAGS_value=
ac_cv_env_AVCODEC_PACKAGE_LIBS_set=
ac_cv_env_AVCODEC_PACKAGE_LIBS_value=
ac_cv_env_CC_set=
ac_cv_env_CC_value=
ac_cv_env_CFLAGS_set=
ac_cv_env_CFLAGS_value=
ac_cv_env_CPPFLAGS_set=
ac_cv_env_CPPFLAGS_value=
ac_cv_env_CPP_set=
ac_cv_env_CPP_value=
ac_cv_env_GLIB_PACKAGE_CFLAGS_set=
ac_cv_env_GLIB_PACKAGE_CFLAGS_value=
ac_cv_env_GLIB_PACKAGE_LIBS_set=
ac_cv_env_GLIB_PACKAGE_LIBS_value=
ac_cv_env_GTK_PACKAGE_CFLAGS_set=
ac_cv_env_GTK_PACKAGE_CFLAGS_value=
ac_cv_env_GTK_PACKAGE_LIBS_set=
ac_cv_env_GTK_PACKAGE_LIBS_value=
ac_cv_env_LDFLAGS_set=
ac_cv_env_LDFLAGS_value=
ac_cv_env_LIBRAW1394_PACKAGE_CFLAGS_set=
ac_cv_env_LIBRAW1394_PACKAGE_CFLAGS_value=
ac_cv_env_LIBRAW1394_PACKAGE_LIBS_set=
ac_cv_env_LIBRAW1394_PACKAGE_LIBS_value=
ac_cv_env_LIBS_set=
ac_cv_env_LIBS_value=
ac_cv_env_LIBV4L_CFLAGS_set=
ac_cv_env_LIBV4L_CFLAGS_value=
ac_cv_env_LIBV4L_LIBS_set=
ac_cv_env_LIBV4L_LIBS_value=
ac_cv_env_PANGO_PACKAGE_CFLAGS_set=
ac_cv_env_PANGO_PACKAGE_CFLAGS_value=
ac_cv_env_PANGO_PACKAGE_LIBS_set=
ac_cv_env_PANGO_PACKAGE_LIBS_value=
ac_cv_env_PKG_CONFIG_set=
ac_cv_env_PKG_CONFIG_value=
ac_cv_env_PNG_PACKAGE_CFLAGS_set=
ac_cv_env_PNG_PACKAGE_CFLAGS_value=
ac_cv_env_PNG_PACKAGE_LIBS_set=
ac_cv_env_PNG_PACKAGE_LIBS_value=
ac_cv_env_THEORA_PACKAGE_CFLAGS_set=
ac_cv_env_THEORA_PACKAGE_CFLAGS_value=
ac_cv_env_THEORA_PACKAGE_LIBS_set=
ac_cv_env_THEORA_PACKAGE_LIBS_value=
ac_cv_env_XMKMF_set=
ac_cv_env_XMKMF_value=
ac_cv_env_build_alias_set=
ac_cv_env_build_alias_value=
ac_cv_env_host_alias_set=
ac_cv_env_host_alias_value=
ac_cv_env_target_alias_set=
ac_cv_env_target_alias_value=
ac_cv_func_connect=yes
ac_cv_func_gethostbyname=yes
ac_cv_func_remove=yes
ac_cv_func_shmat=yes
ac_cv_have_x='have_x=yes	ac_x_includes='\'''\''	ac_x_libraries='\'''\'''
ac_cv_header_dlfcn_h=yes
ac_cv_header_inttypes_h=yes
ac_cv_header_memory_h=yes
ac_cv_header_stdc=yes
ac_cv_header_stdint_h=yes
ac_cv_header_stdlib_h=yes
ac_cv_header_string_h=yes
ac_cv_header_strings_h=yes
ac_cv_header_sys_stat_h=yes
ac_cv_header_sys_types_h=yes
ac_cv_header_unistd_h=yes
ac_cv_host=i686-pc-linux-gnu
ac_cv_lib_ICE_IceConnectionNumber=yes
ac_cv_lib_Xv_XvShmPutImage=no
ac_cv_lib_dl_dlopen=yes
ac_cv_lib_m_sin=yes
ac_cv_lib_pthread_pthread_create=yes
ac_cv_lib_rt_shm_open=yes
ac_cv_objext=o
ac_cv_path_EGREP='/bin/grep -E'
ac_cv_path_FGREP='/bin/grep -F'
ac_cv_path_GMSGFMT=/usr/bin/msgfmt
ac_cv_path_GREP=/bin/grep
ac_cv_path_INTLTOOL_ICONV=/usr/bin/iconv
ac_cv_path_INTLTOOL_MSGFMT=/usr/bin/msgfmt
ac_cv_path_INTLTOOL_MSGMERGE=/usr/bin/msgmerge
ac_cv_path_INTLTOOL_PERL=/usr/bin/perl
ac_cv_path_INTLTOOL_XGETTEXT=/usr/bin/xgettext
ac_cv_path_MSGFMT=/usr/bin/msgfmt
ac_cv_path_MSGMERGE=/usr/bin/msgmerge
ac_cv_path_SED=/bin/sed
ac_cv_path_XGETTEXT=/usr/bin/xgettext
ac_cv_path_ac_pt_PKG_CONFIG=/usr/bin/pkg-config
ac_cv_path_install='/usr/bin/install -c'
ac_cv_path_mkdir=/bin/mkdir
ac_cv_prog_AWK=mawk
ac_cv_prog_CPP='gcc -E'
ac_cv_prog_ac_ct_AR=ar
ac_cv_prog_ac_ct_CC=gcc
ac_cv_prog_ac_ct_RANLIB=ranlib
ac_cv_prog_ac_ct_STRIP=strip
ac_cv_prog_cc_c89=
ac_cv_prog_cc_g=yes
ac_cv_prog_make_make_set=yes
acl_cv_hardcode_direct=no
acl_cv_hardcode_libdir_flag_spec='${wl}-rpath ${wl}$libdir'
acl_cv_hardcode_libdir_separator=
acl_cv_hardcode_minus_L=no
acl_cv_libext=a
acl_cv_path_LD=/usr/bin/ld
acl_cv_prog_gnu_ld=yes
acl_cv_rpath=done
acl_cv_shlibext=so
acl_cv_wl=-Wl,
am_cv_CC_dependencies_compiler_type=gcc3
gt_cv_func_CFLocaleCopyCurrent=no
gt_cv_func_CFPreferencesCopyAppValue=no
gt_cv_func_gnugettext1_libc=yes
lt_cv_deplibs_check_method=pass_all
lt_cv_file_magic_cmd='$MAGIC_CMD'
lt_cv_file_magic_test_file=
lt_cv_ld_reload_flag=-r
lt_cv_nm_interface='BSD nm'
lt_cv_objdir=.libs
lt_cv_path_LD=/usr/bin/ld
lt_cv_path_NM='/usr/bin/nm -B'
lt_cv_prog_compiler_c_o=yes
lt_cv_prog_compiler_pic_works=yes
lt_cv_prog_compiler_rtti_exceptions=no
lt_cv_prog_compiler_static_works=yes
lt_cv_prog_gnu_ld=yes
lt_cv_sys_global_symbol_pipe='sed -n -e '\''s/^.*[	 ]\([ABCDGIRSTW][ABCDGIRSTW]*\)[	 ][	 ]*\([_A-Za-z][_A-Za-z0-9]*\)$/\1 \2 \2/p'\'''
lt_cv_sys_global_symbol_to_c_name_address='sed -n -e '\''s/^: \([^ ]*\) $/  {\"\1\", (void *) 0},/p'\'' -e '\''s/^[ABCDGIRSTW]* \([^ ]*\) \([^ ]*\)$/  {"\2", (void *) \&\2},/p'\'''
lt_cv_sys_global_symbol_to_c_name_address_lib_prefix='sed -n -e '\''s/^: \([^ ]*\) $/  {\"\1\", (void *) 0},/p'\'' -e '\''s/^[ABCDGIRSTW]* \([^ ]*\) \(lib[^ ]*\)$/  {"\2", (void *) \&\2},/p'\'' -e '\''s/^[ABCDGIRSTW]* \([^ ]*\) \([^ ]*\)$/  {"lib\2", (void *) \&\2},/p'\'''
lt_cv_sys_global_symbol_to_cdecl='sed -n -e '\''s/^T .* \(.*\)$/extern int \1();/p'\'' -e '\''s/^[ABCDGIRSTW]* .* \(.*\)$/extern char \1;/p'\'''
lt_cv_sys_max_cmd_len=1572864
pkg_cv_ALSA_PACKAGE_CFLAGS='-I/usr/include/alsa  '
pkg_cv_ALSA_PACKAGE_LIBS='-lasound  '
pkg_cv_GLIB_PACKAGE_CFLAGS='-I/usr/include/glib-2.0 -I/usr/lib/glib-2.0/include  '
pkg_cv_GLIB_PACKAGE_LIBS='-lglib-2.0  '
pkg_cv_LIBRAW1394_PACKAGE_CFLAGS=' '
pkg_cv_LIBRAW1394_PACKAGE_LIBS='-lraw1394  '

## ----------------- ##
## Output variables. ##
## ----------------- ##

ACLOCAL='${SHELL} /home/christophe/Donnees/UTC/TX/installUNICAP/unicap-0.9.5/missing --run aclocal-1.10'
ALL_LINGUAS=''
ALSA_PACKAGE_CFLAGS='-I/usr/include/alsa  '
ALSA_PACKAGE_LIBS='-lasound  '
AMDEPBACKSLASH='\'
AMDEP_FALSE='#'
AMDEP_TRUE=''
AMTAR='${SHELL} /home/christophe/Donnees/UTC/TX/installUNICAP/unicap-0.9.5/missing --run tar'
AR='ar'
AUTOCONF='${SHELL} /home/christophe/Donnees/UTC/TX/installUNICAP/unicap-0.9.5/missing --run autoconf'
AUTOHEADER='${SHELL} /home/christophe/Donnees/UTC/TX/installUNICAP/unicap-0.9.5/missing --run autoheader'
AUTOMAKE='${SHELL} /home/christophe/Donnees/UTC/TX/installUNICAP/unicap-0.9.5/missing --run automake-1.10'
AVCODEC_PACKAGE_CFLAGS=''
AVCODEC_PACKAGE_LIBS=''
AWK='mawk'
BUILD_DCAM_FALSE='#'
BUILD_DCAM_TRUE=''
BUILD_THING_FALSE=''
BUILD_THING_TRUE='#'
BUILD_UCIL_FALSE=''
BUILD_UCIL_TRUE='#'
BUILD_UNICAPGTK_FALSE=''
BUILD_UNICAPGTK_TRUE='#'
BUILD_V4L2_FALSE='#'
BUILD_V4L2_TRUE=''
BUILD_V4L_FALSE='#'
BUILD_V4L_TRUE=''
BUILD_VID21394_FALSE='#'
BUILD_VID21394_TRUE=''
CC='gcc'
CCDEPMODE='depmode=gcc3'
CFLAGS='-g -O2'
CPP='gcc -E'
CPPFLAGS=''
CYGPATH_W='echo'
DATADIRNAME='share'
DEFS='-DHAVE_CONFIG_H'
DEPDIR='.deps'
DL_LIBS='-ldl'
DSYMUTIL=''
DUMPBIN=''
ECHO_C=''
ECHO_N='-n'
ECHO_T=''
EGREP='/bin/grep -E'
ENABLE_GTK_DOC_FALSE=''
ENABLE_GTK_DOC_TRUE='#'
ENABLE_STATIC_CPI_FALSE=''
ENABLE_STATIC_CPI_TRUE='#'
EXEEXT=''
FGREP='/bin/grep -F'
GETTEXT_PACKAGE='unicap'
GLIB_PACKAGE_CFLAGS='-I/usr/include/glib-2.0 -I/usr/lib/glib-2.0/include  '
GLIB_PACKAGE_LIBS='-lglib-2.0  '
GMSGFMT='/usr/bin/msgfmt'
GMSGFMT_015='/usr/bin/msgfmt'
GREP='/bin/grep'
GTKDOC_CHECK=''
GTK_CPPFLAGS='-Wall -DGDK_PIXBUF_DISABLE_DEPRECATED -DGDK_DISABLE_DEPRECATED -DGTK_DISABLE_DEPRECATED -DGDK_MULTIHEAD_SAFE -DGTK_MULTIHEAD_SAFE'
GTK_DOC_USE_LIBTOOL_FALSE='#'
GTK_DOC_USE_LIBTOOL_TRUE=''
GTK_PACKAGE_CFLAGS=''
GTK_PACKAGE_LIBS=''
HAVE_ALSA_FALSE='#'
HAVE_ALSA_TRUE=''
HAVE_AVCODEC_FALSE=''
HAVE_AVCODEC_TRUE='#'
HAVE_LIBV4L_FALSE=''
HAVE_LIBV4L_TRUE='#'
HAVE_PNG_FALSE=''
HAVE_PNG_TRUE='#'
HAVE_THEORA_FALSE=''
HAVE_THEORA_TRUE='#'
HTML_DIR='${datadir}/gtk-doc/html'
INSTALL_DATA='${INSTALL} -m 644'
INSTALL_PROGRAM='${INSTALL}'
INSTALL_SCRIPT='${INSTALL}'
INSTALL_STRIP_PROGRAM='$(install_sh) -c -s'
INTLLIBS=''
INTLTOOL_CAVES_RULE='%.caves:     %.caves.in     $(INTLTOOL_MERGE) $(wildcard $(top_srcdir)/po/*.po) ; LC_ALL=C $(INTLTOOL_MERGE) -d -u -c $(top_builddir)/po/.intltool-merge-cache $(top_srcdir)/po $< $@'
INTLTOOL_DESKTOP_RULE='%.desktop:   %.desktop.in   $(INTLTOOL_MERGE) $(wildcard $(top_srcdir)/po/*.po) ; LC_ALL=C $(INTLTOOL_MERGE) -d -u -c $(top_builddir)/po/.intltool-merge-cache $(top_srcdir)/po $< $@'
INTLTOOL_DIRECTORY_RULE='%.directory: %.directory.in $(INTLTOOL_MERGE) $(wildcard $(top_srcdir)/po/*.po) ; LC_ALL=C $(INTLTOOL_MERGE) -d -u -c $(top_builddir)/po/.intltool-merge-cache $(top_srcdir)/po $< $@'
INTLTOOL_EXTRACT='$(top_builddir)/intltool-extract'
INTLTOOL_ICONV='/usr/bin/iconv'
INTLTOOL_KBD_RULE='%.kbd:       %.kbd.in       $(INTLTOOL_MERGE) $(wildcard $(top_srcdir)/po/*.po) ; LC_ALL=C $(INTLTOOL_MERGE) -x -u -m -c $(top_builddir)/po/.intltool-merge-cache $(top_srcdir)/po $< $@'
INTLTOOL_KEYS_RULE='%.keys:      %.keys.in      $(INTLTOOL_MERGE) $(wildcard $(top_srcdir)/po/*.po) ; LC_ALL=C $(INTLTOOL_MERGE) -k -u -c $(top_builddir)/po/.intltool-merge-cache $(top_srcdir)/po $< $@'
INTLTOOL_MERGE='$(top_builddir)/intltool-merge'
INTLTOOL_MSGFMT='/usr/bin/msgfmt'
INTLTOOL_MSGMERGE='/usr/bin/msgmerge'
INTLTOOL_OAF_RULE='%.oaf:       %.oaf.in       $(INTLTOOL_MERGE) $(wildcard $(top_srcdir)/po/*.po) ; LC_ALL=C $(INTLTOOL_MERGE) -o -p $(top_srcdir)/po $< $@'
INTLTOOL_PERL='/usr/bin/perl'
INTLTOOL_PONG_RULE='%.pong:      %.pong.in      $(INTLTOOL_MERGE) $(wildcard $(top_srcdir)/po/*.po) ; LC_ALL=C $(INTLTOOL_MERGE) -x -u -c $(top_builddir)/po/.intltool-merge-cache $(top_srcdir)/po $< $@'
INTLTOOL_PROP_RULE='%.prop:      %.prop.in      $(INTLTOOL_MERGE) $(wildcard $(top_srcdir)/po/*.po) ; LC_ALL=C $(INTLTOOL_MERGE) -d -u -c $(top_builddir)/po/.intltool-merge-cache $(top_srcdir)/po $< $@'
INTLTOOL_SCHEMAS_RULE='%.schemas:   %.schemas.in   $(INTLTOOL_MERGE) $(wildcard $(top_srcdir)/po/*.po) ; LC_ALL=C $(INTLTOOL_MERGE) -s -u -c $(top_builddir)/po/.intltool-merge-cache $(top_srcdir)/po $< $@'
INTLTOOL_SERVER_RULE='%.server:    %.server.in    $(INTLTOOL_MERGE) $(wildcard $(top_srcdir)/po/*.po) ; LC_ALL=C $(INTLTOOL_MERGE) -o -u -c $(top_builddir)/po/.intltool-merge-cache $(top_srcdir)/po $< $@'
INTLTOOL_SERVICE_RULE='%.service: %.service.in   $(INTLTOOL_MERGE) $(wildcard $(top_srcdir)/po/*.po) ; LC_ALL=C $(INTLTOOL_MERGE) -d -u -c $(top_builddir)/po/.intltool-merge-cache $(top_srcdir)/po $< $@'
INTLTOOL_SHEET_RULE='%.sheet:     %.sheet.in     $(INTLTOOL_MERGE) $(wildcard $(top_srcdir)/po/*.po) ; LC_ALL=C $(INTLTOOL_MERGE) -x -u -c $(top_builddir)/po/.intltool-merge-cache $(top_srcdir)/po $< $@'
INTLTOOL_SOUNDLIST_RULE='%.soundlist: %.soundlist.in $(INTLTOOL_MERGE) $(wildcard $(top_srcdir)/po/*.po) ; LC_ALL=C $(INTLTOOL_MERGE) -d -u -c $(top_builddir)/po/.intltool-merge-cache $(top_srcdir)/po $< $@'
INTLTOOL_THEME_RULE='%.theme:     %.theme.in     $(INTLTOOL_MERGE) $(wildcard $(top_srcdir)/po/*.po) ; LC_ALL=C $(INTLTOOL_MERGE) -d -u -c $(top_builddir)/po/.intltool-merge-cache $(top_srcdir)/po $< $@'
INTLTOOL_UI_RULE='%.ui:        %.ui.in        $(INTLTOOL_MERGE) $(wildcard $(top_srcdir)/po/*.po) ; LC_ALL=C $(INTLTOOL_MERGE) -x -u -c $(top_builddir)/po/.intltool-merge-cache $(top_srcdir)/po $< $@'
INTLTOOL_UPDATE='$(top_builddir)/intltool-update'
INTLTOOL_XAM_RULE='%.xam:       %.xml.in       $(INTLTOOL_MERGE) $(wildcard $(top_srcdir)/po/*.po) ; LC_ALL=C $(INTLTOOL_MERGE) -x -u -c $(top_builddir)/po/.intltool-merge-cache $(top_srcdir)/po $< $@'
INTLTOOL_XGETTEXT='/usr/bin/xgettext'
INTLTOOL_XML_NOMERGE_RULE='%.xml:       %.xml.in       $(INTLTOOL_MERGE) ; LC_ALL=C $(INTLTOOL_MERGE) -x -u /tmp $< $@'
INTLTOOL_XML_RULE='%.xml:       %.xml.in       $(INTLTOOL_MERGE) $(wildcard $(top_srcdir)/po/*.po) ; LC_ALL=C $(INTLTOOL_MERGE) -x -u -c $(top_builddir)/po/.intltool-merge-cache $(top_srcdir)/po $< $@'
INTL_MACOSX_LIBS=''
LD='/usr/bin/ld'
LDFLAGS=''
LIBICONV='-liconv'
LIBINTL=''
LIBOBJS=''
LIBRAW1394_PACKAGE_CFLAGS=' '
LIBRAW1394_PACKAGE_LIBS='-lraw1394  '
LIBRAW1394_VERSION='RAW1394_1_1_API'
LIBS=''
LIBTOOL='$(SHELL) $(top_builddir)/libtool'
LIBV4L_CFLAGS=''
LIBV4L_LIBS=''
LIPO=''
LN_S='ln -s'
LTLIBICONV='-liconv'
LTLIBINTL=''
LTLIBOBJS=''
MAKEINFO='${SHELL} /home/christophe/Donnees/UTC/TX/installUNICAP/unicap-0.9.5/missing --run makeinfo'
MSGFMT='/usr/bin/msgfmt'
MSGFMT_015='/usr/bin/msgfmt'
MSGMERGE='/usr/bin/msgmerge'
M_LIBS='-lm'
NM='/usr/bin/nm -B'
NMEDIT=''
OBJEXT='o'
OTOOL64=''
OTOOL=''
PACKAGE='unicap'
PACKAGE_BUGREPORT='arne@unicap-imaging.org'
PACKAGE_NAME='unicap'
PACKAGE_STRING='unicap 1.0'
PACKAGE_TARNAME='unicap'
PACKAGE_VERSION='1.0'
PANGO_PACKAGE_CFLAGS=''
PANGO_PACKAGE_LIBS=''
PATH_SEPARATOR=':'
PKG_CONFIG='/usr/bin/pkg-config'
PNG_PACKAGE_CFLAGS=''
PNG_PACKAGE_LIBS=''
POSUB='po'
PTHREAD_LIBS='-lpthread'
RANLIB='ranlib'
RT_LIBS='-lrt'
SED='/bin/sed'
SET_MAKE=''
SHELL='/bin/bash'
STRIP='strip'
THEORA_PACKAGE_CFLAGS=''
THEORA_PACKAGE_LIBS=''
USE_NLS='yes'
VERSION='0.9.5'
VID21394_VISCA_FALSE=''
VID21394_VISCA_TRUE='#'
XGETTEXT='/usr/bin/xgettext'
XGETTEXT_015='/usr/bin/xgettext'
XMKMF=''
X_CFLAGS=''
X_EXTRA_LIBS=''
X_LIBS=' -L/usr/X11R6/lib'
X_PRE_LIBS=' -lSM -lICE'
X_XV_LIBS=''
ac_ct_CC='gcc'
ac_ct_DUMPBIN=''
am__fastdepCC_FALSE='#'
am__fastdepCC_TRUE=''
am__include='include'
am__isrc=''
am__leading_dot='.'
am__quote=''
am__tar='${AMTAR} chof - "$$tardir"'
am__untar='${AMTAR} xf -'
bindir='${exec_prefix}/bin'
build='i686-pc-linux-gnu'
build_alias=''
build_cpu='i686'
build_os='linux-gnu'
build_vendor='pc'
datadir='${datarootdir}'
datarootdir='${prefix}/share'
dist_version='0.9.5'
docdir='${datarootdir}/doc/${PACKAGE_TARNAME}'
dvidir='${docdir}'
exec_prefix='${prefix}'
host='i686-pc-linux-gnu'
host_alias=''
host_cpu='i686'
host_os='linux-gnu'
host_vendor='pc'
htmldir='${docdir}'
includedir='${prefix}/include'
infodir='${datarootdir}/info'
install_sh='$(SHELL) /home/christophe/Donnees/UTC/TX/installUNICAP/unicap-0.9.5/install-sh'
libdir='${exec_prefix}/lib'
libexecdir='${exec_prefix}/libexec'
localedir='${datarootdir}/locale'
localstatedir='${prefix}/var'
lt_ECHO='echo'
lt_age='1'
lt_major='3'
lt_revision='8'
mandir='${datarootdir}/man'
mkdir_p='/bin/mkdir -p'
oldincludedir='/usr/include'
pdfdir='${docdir}'
pkg_version='2'
prefix='/usr/local'
program_transform_name='s,x,x,'
psdir='${docdir}'
sbindir='${exec_prefix}/sbin'
sharedstatedir='${prefix}/com'
sysconfdir='${prefix}/etc'
target_alias=''
unicap_major_version='0'
unicap_micro_version='5'
unicap_minor_version='9'
x_libraries=''

## ----------- ##
## confdefs.h. ##
## ----------- ##

#define PACKAGE_NAME "unicap"
#define PACKAGE_TARNAME "unicap"
#define PACKAGE_VERSION "1.0"
#define PACKAGE_STRING "unicap 1.0"
#define PACKAGE_BUGREPORT "arne@unicap-imaging.org"
#define PACKAGE "unicap"
#define VERSION "0.9.5"
#define STDC_HEADERS 1
#define HAVE_SYS_TYPES_H 1
#define HAVE_SYS_STAT_H 1
#define HAVE_STDLIB_H 1
#define HAVE_STRING_H 1
#define HAVE_MEMORY_H 1
#define HAVE_STRINGS_H 1
#define HAVE_INTTYPES_H 1
#define HAVE_STDINT_H 1
#define HAVE_UNISTD_H 1
#define HAVE_DLFCN_H 1
#define LT_OBJDIR ".libs/"
#define GETTEXT_PACKAGE "unicap"
#define ENABLE_NLS 1
#define HAVE_GETTEXT 1
#define HAVE_DCGETTEXT 1
#define HAVE_AVCODEC 0
#define HAVE_THEORA 0
#define HAVE_ALSA 1
#define HAVE_PNG 0
#define HAVE_LIBDL 1
#define HAVE_LIBM 1
#define HAVE_LIBPTHREAD 1
#define HAVE_LIBRT 1
#define RAW1394_1_1_API 1
#define VID21394_DEBUG 0
#define VID21394_BOOTLOAD 0
#define VID21394_VISCA 0
#define VID21394_DETECT_21CF04 1
#define DCAM_DEBUG 0
#define V4L_DEBUG 0
#define V4L2_DEBUG 0
#define THING_DEBUG 0
#define UNICAP_DEBUG 0
#define UNICAPGTK_DEBUG 0
#define UCIL_DEBUG 0
#define BUILD_VID21394 1
#define BUILD_DCAM 1
#define BUILD_V4L 1
#define BUILD_V4L2 1
#define UNICAP_THREAD_LOCKING 1
#define UNICAP_THREADS 1

configure: exit 0
